RPG-Unity-main/Temp/gradleOut/unityLibrary/build/intermediates/manifest_merge_blame_file/release/manifest-merger-blame-release-report.txt
1<?xml version="1.0" encoding="utf-8"?>
2<!-- GENERATED BY UNITY. REMOVE THIS COMMENT TO PREVENT OVERWRITING WHEN EXPORTING AGAIN -->
3<manifest xmlns:android="http://schemas.android.com/apk/res/android"
4    xmlns:tools="http://schemas.android.com/tools"
5    package="com.unity3d.player"
6    android:versionCode="1"
7    android:versionName="0.1" >
8
9    <uses-sdk
10        android:minSdkVersion="19"
10-->src/main/AndroidManifest.xml
11        android:targetSdkVersion="29" />
11-->src/main/AndroidManifest.xml
12
13    <uses-feature android:glEsVersion="0x00020000" />
13-->src/main/AndroidManifest.xml:18:3-52
13-->src/main/AndroidManifest.xml:18:17-49
14
15    <uses-permission android:name="android.permission.INTERNET" />
15-->src/main/AndroidManifest.xml:19:3-65
15-->src/main/AndroidManifest.xml:19:20-62
16
17    <uses-feature
17-->src/main/AndroidManifest.xml:20:3-88
18        android:name="android.hardware.touchscreen"
18-->src/main/AndroidManifest.xml:20:17-60
19        android:required="false" />
19-->src/main/AndroidManifest.xml:20:61-85
20    <uses-feature
20-->src/main/AndroidManifest.xml:21:3-99
21        android:name="android.hardware.touchscreen.multitouch"
21-->src/main/AndroidManifest.xml:21:17-71
22        android:required="false" />
22-->src/main/AndroidManifest.xml:21:72-96
23    <uses-feature
23-->src/main/AndroidManifest.xml:22:3-108
24        android:name="android.hardware.touchscreen.multitouch.distinct"
24-->src/main/AndroidManifest.xml:22:17-80
25        android:required="false" />
25-->src/main/AndroidManifest.xml:22:81-105
26
27    <application android:isGame="true" >
27-->src/main/AndroidManifest.xml:4:3-17:17
27-->src/main/AndroidManifest.xml:4:16-37
28        <activity
28-->src/main/AndroidManifest.xml:5:5-12:16
29            android:name="com.unity3d.player.UnityPlayerActivity"
29-->src/main/AndroidManifest.xml:5:15-68
30            android:configChanges="mcc|mnc|locale|touchscreen|keyboard|keyboardHidden|navigation|orientation|screenLayout|uiMode|screenSize|smallestScreenSize|fontScale|layoutDirection|density"
30-->src/main/AndroidManifest.xml:5:188-369
31            android:hardwareAccelerated="false"
31-->src/main/AndroidManifest.xml:5:405-440
32            android:launchMode="singleTask"
32-->src/main/AndroidManifest.xml:5:156-187
33            android:resizeableActivity="false"
33-->src/main/AndroidManifest.xml:5:370-404
34            android:screenOrientation="reverseLandscape"
34-->src/main/AndroidManifest.xml:5:111-155
35            android:theme="@style/UnityThemeSelector" >
35-->src/main/AndroidManifest.xml:5:69-110
36            <intent-filter>
36-->src/main/AndroidManifest.xml:6:7-10:23
37                <action android:name="android.intent.action.MAIN" />
37-->src/main/AndroidManifest.xml:7:9-61
37-->src/main/AndroidManifest.xml:7:17-58
38
39                <category android:name="android.intent.category.LAUNCHER" />
39-->src/main/AndroidManifest.xml:8:9-69
39-->src/main/AndroidManifest.xml:8:19-66
40                <category android:name="android.intent.category.LEANBACK_LAUNCHER" />
40-->src/main/AndroidManifest.xml:9:9-78
40-->src/main/AndroidManifest.xml:9:19-75
41            </intent-filter>
42
43            <meta-data
43-->src/main/AndroidManifest.xml:11:7-82
44                android:name="unityplayer.UnityActivity"
44-->src/main/AndroidManifest.xml:11:18-58
45                android:value="true" />
45-->src/main/AndroidManifest.xml:11:59-79
46        </activity>
47
48        <meta-data
48-->src/main/AndroidManifest.xml:13:5-69
49            android:name="unity.splash-mode"
49-->src/main/AndroidManifest.xml:13:16-48
50            android:value="0" />
50-->src/main/AndroidManifest.xml:13:49-66
51        <meta-data
51-->src/main/AndroidManifest.xml:14:5-74
52            android:name="unity.splash-enable"
52-->src/main/AndroidManifest.xml:14:16-50
53            android:value="True" />
53-->src/main/AndroidManifest.xml:14:51-71
54        <meta-data
54-->src/main/AndroidManifest.xml:15:5-84
55            android:name="unity.allow-resizable-window"
55-->src/main/AndroidManifest.xml:15:16-59
56            android:value="False" />
56-->src/main/AndroidManifest.xml:15:60-81
57        <meta-data
57-->src/main/AndroidManifest.xml:16:5-101
58            android:name="unity.build-id"
58-->src/main/AndroidManifest.xml:16:16-45
59            android:value="8ad49957-3c82-41c7-ae8e-d4ee8c0e2d99" />
59-->src/main/AndroidManifest.xml:16:46-98
60    </application>
61
62</manifest>